Start testing: Sep 06 13:42 MSK
----------------------------------------------------------
1/8 Testing: test_11
1/8 Test: test_11
Command: "/home/chrctr/Algorithms/Lab1CPP/build/bin/laba1" "/home/chrctr/Algorithms/Lab1CPP/tests/input11.txt" "/home/chrctr/Algorithms/Lab1CPP/build/tests/test_11_output.txt"
Directory: /home/chrctr/Algorithms/Lab1CPP/build/tests
"test_11" start time: Sep 06 13:42 MSK
Output:
----------------------------------------------------------
2 3 5 7 11 0 0 0 0 0 
2
<end of output>
Test time =   0.00 sec
----------------------------------------------------------
Test Passed.
"test_11" end time: Sep 06 13:42 MSK
"test_11" time elapsed: 00:00:00
----------------------------------------------------------

2/8 Testing: test_11_check
2/8 Test: test_11_check
Command: "/usr/bin/sh" "-c" "diff -bBw /home/chrctr/Algorithms/Lab1CPP/tests/expected11.txt /home/chrctr/Algorithms/Lab1CPP/build/tests/test_11_output.txt > /dev/null 2>&1 && exit 0 || exit 1"
Directory: /home/chrctr/Algorithms/Lab1CPP/build
"test_11_check" start time: Sep 06 13:42 MSK
Output:
----------------------------------------------------------
<end of output>
Test time =   0.00 sec
----------------------------------------------------------
Test Passed.
"test_11_check" end time: Sep 06 13:42 MSK
"test_11_check" time elapsed: 00:00:00
----------------------------------------------------------

3/8 Testing: test_12
3/8 Test: test_12
Command: "/home/chrctr/Algorithms/Lab1CPP/build/bin/laba1" "/home/chrctr/Algorithms/Lab1CPP/tests/input12.txt" "/home/chrctr/Algorithms/Lab1CPP/build/tests/test_12_output.txt"
Directory: /home/chrctr/Algorithms/Lab1CPP/build/tests
"test_12" start time: Sep 06 13:42 MSK
Output:
----------------------------------------------------------
1 2 3 5 7 11 13 17 19 0 0 0 0 0 0 0 0 0 0 0 
1
<end of output>
Test time =   0.00 sec
----------------------------------------------------------
Test Passed.
"test_12" end time: Sep 06 13:42 MSK
"test_12" time elapsed: 00:00:00
----------------------------------------------------------

4/8 Testing: test_12_check
4/8 Test: test_12_check
Command: "/usr/bin/sh" "-c" "diff -bBw /home/chrctr/Algorithms/Lab1CPP/tests/expected12.txt /home/chrctr/Algorithms/Lab1CPP/build/tests/test_12_output.txt > /dev/null 2>&1 && exit 0 || exit 1"
Directory: /home/chrctr/Algorithms/Lab1CPP/build
"test_12_check" start time: Sep 06 13:42 MSK
Output:
----------------------------------------------------------
<end of output>
Test time =   0.00 sec
----------------------------------------------------------
Test Passed.
"test_12_check" end time: Sep 06 13:42 MSK
"test_12_check" time elapsed: 00:00:00
----------------------------------------------------------

5/8 Testing: test_21
5/8 Test: test_21
Command: "/home/chrctr/Algorithms/Lab1CPP/build/bin/laba1" "/home/chrctr/Algorithms/Lab1CPP/tests/input21.txt" "/home/chrctr/Algorithms/Lab1CPP/build/tests/test_21_output.txt"
Directory: /home/chrctr/Algorithms/Lab1CPP/build/tests
"test_21" start time: Sep 06 13:42 MSK
Output:
----------------------------------------------------------
1 2 2 2 3 5 7 11 13 17 0 0 0 0 0 0 0 0 0 0 
2
<end of output>
Test time =   0.00 sec
----------------------------------------------------------
Test Passed.
"test_21" end time: Sep 06 13:42 MSK
"test_21" time elapsed: 00:00:00
----------------------------------------------------------

6/8 Testing: test_21_check
6/8 Test: test_21_check
Command: "/usr/bin/sh" "-c" "diff -bBw /home/chrctr/Algorithms/Lab1CPP/tests/expected21.txt /home/chrctr/Algorithms/Lab1CPP/build/tests/test_21_output.txt > /dev/null 2>&1 && exit 0 || exit 1"
Directory: /home/chrctr/Algorithms/Lab1CPP/build
"test_21_check" start time: Sep 06 13:42 MSK
Output:
----------------------------------------------------------
<end of output>
Test time =   0.00 sec
----------------------------------------------------------
Test Passed.
"test_21_check" end time: Sep 06 13:42 MSK
"test_21_check" time elapsed: 00:00:00
----------------------------------------------------------

7/8 Testing: test_22
7/8 Test: test_22
Command: "/home/chrctr/Algorithms/Lab1CPP/build/bin/laba1" "/home/chrctr/Algorithms/Lab1CPP/tests/input22.txt" "/home/chrctr/Algorithms/Lab1CPP/build/tests/test_22_output.txt"
Directory: /home/chrctr/Algorithms/Lab1CPP/build/tests
"test_22" start time: Sep 06 13:42 MSK
Output:
----------------------------------------------------------
1 2 3 5 0 0 
1
<end of output>
Test time =   0.00 sec
----------------------------------------------------------
Test Passed.
"test_22" end time: Sep 06 13:42 MSK
"test_22" time elapsed: 00:00:00
----------------------------------------------------------

8/8 Testing: test_22_check
8/8 Test: test_22_check
Command: "/usr/bin/sh" "-c" "diff -bBw /home/chrctr/Algorithms/Lab1CPP/tests/expected22.txt /home/chrctr/Algorithms/Lab1CPP/build/tests/test_22_output.txt > /dev/null 2>&1 && exit 0 || exit 1"
Directory: /home/chrctr/Algorithms/Lab1CPP/build
"test_22_check" start time: Sep 06 13:42 MSK
Output:
----------------------------------------------------------
<end of output>
Test time =   0.01 sec
----------------------------------------------------------
Test Passed.
"test_22_check" end time: Sep 06 13:42 MSK
"test_22_check" time elapsed: 00:00:00
----------------------------------------------------------

End testing: Sep 06 13:42 MSK
